<?xml version="1.0" encoding="UTF-8"?>
<!-- Generated by org.testng.reporters.JUnitReportReporter -->
<testsuite hostname="DESKTOP-P8MIHKB" failures="0" tests="1" name="homeModule.TC_ID" time="0.115" errors="0" timestamp="2022-11-15T09:03:30 IST" skipped="0">
  <testcase classname="homeModule.TC_ID" name="TestCaseDescription" time="0.115"/>
  <system-out/>
</testsuite> <!-- homeModule.TC_ID -->
