<?xml version="1.0" encoding="UTF-8"?>
<!-- Generated by org.testng.reporters.JUnitReportReporter -->
<testsuite hostname="DESKTOP-P8MIHKB" failures="0" tests="1" name="basics.RecivingParameter" time="0.008" errors="0" timestamp="2022-11-08T08:50:43 IST" skipped="0">
  <testcase classname="basics.RecivingParameter" name="data1" time="0.008"/>
  <system-out/>
</testsuite> <!-- basics.RecivingParameter -->
