<?xml version="1.0" encoding="UTF-8"?>
<!-- Generated by org.testng.reporters.JUnitReportReporter -->
<testsuite hostname="DESKTOP-P8MIHKB" failures="0" tests="1" name="mavenExecution.Tc_Testlistners" time="21.048" errors="0" timestamp="2022-11-12T08:45:24 IST" skipped="0">
  <testcase classname="mavenExecution.Tc_Testlistners" name="TC" time="21.048"/>
  <system-out/>
</testsuite> <!-- mavenExecution.Tc_Testlistners -->
